mode: count
github.com/bvisonl/tunnel-radar/cli.go:21.38,23.16 2 0
github.com/bvisonl/tunnel-radar/cli.go:27.2,28.6 2 0
github.com/bvisonl/tunnel-radar/cli.go:23.16,25.3 1 0
github.com/bvisonl/tunnel-radar/cli.go:28.6,33.16 3 0
github.com/bvisonl/tunnel-radar/cli.go:36.3,42.7 4 0
github.com/bvisonl/tunnel-radar/cli.go:60.3,60.31 1 0
github.com/bvisonl/tunnel-radar/cli.go:33.16,34.12 1 0
github.com/bvisonl/tunnel-radar/cli.go:42.7,45.18 2 0
github.com/bvisonl/tunnel-radar/cli.go:53.4,53.40 1 0
github.com/bvisonl/tunnel-radar/cli.go:57.4,57.22 1 0
github.com/bvisonl/tunnel-radar/cli.go:45.18,46.22 1 0
github.com/bvisonl/tunnel-radar/cli.go:49.5,50.10 2 0
github.com/bvisonl/tunnel-radar/cli.go:46.22,47.11 1 0
github.com/bvisonl/tunnel-radar/cli.go:53.40,54.10 1 0
github.com/bvisonl/tunnel-radar/cli.go:66.44,69.16 2 1
github.com/bvisonl/tunnel-radar/cli.go:73.2,77.6 3 1
github.com/bvisonl/tunnel-radar/cli.go:69.16,71.3 1 0
github.com/bvisonl/tunnel-radar/cli.go:77.6,79.17 2 1
github.com/bvisonl/tunnel-radar/cli.go:83.3,83.25 1 0
github.com/bvisonl/tunnel-radar/cli.go:79.17,81.12 2 0
github.com/bvisonl/tunnel-radar/cli.go:87.32,89.6 1 0
github.com/bvisonl/tunnel-radar/cli.go:89.6,93.34 3 0
github.com/bvisonl/tunnel-radar/cli.go:98.3,98.25 1 0
github.com/bvisonl/tunnel-radar/cli.go:102.3,103.20 2 0
github.com/bvisonl/tunnel-radar/cli.go:108.3,108.34 1 0
github.com/bvisonl/tunnel-radar/cli.go:93.34,96.4 2 0
github.com/bvisonl/tunnel-radar/cli.go:98.25,99.12 1 0
github.com/bvisonl/tunnel-radar/cli.go:103.20,105.12 2 0
github.com/bvisonl/tunnel-radar/cli.go:109.21,111.18 2 0
github.com/bvisonl/tunnel-radar/cli.go:116.4,116.9 1 0
github.com/bvisonl/tunnel-radar/cli.go:117.17,118.21 1 0
github.com/bvisonl/tunnel-radar/cli.go:121.4,123.78 3 0
github.com/bvisonl/tunnel-radar/cli.go:125.18,126.21 1 0
github.com/bvisonl/tunnel-radar/cli.go:129.4,131.79 3 0
github.com/bvisonl/tunnel-radar/cli.go:133.15,135.10 2 0
github.com/bvisonl/tunnel-radar/cli.go:137.11,138.100 1 0
github.com/bvisonl/tunnel-radar/cli.go:111.18,113.5 1 0
github.com/bvisonl/tunnel-radar/cli.go:113.10,115.5 1 0
github.com/bvisonl/tunnel-radar/cli.go:118.21,120.5 1 0
github.com/bvisonl/tunnel-radar/cli.go:126.21,128.5 1 0
github.com/bvisonl/tunnel-radar/cli.go:144.66,147.55 3 0
github.com/bvisonl/tunnel-radar/cli.go:150.2,153.18 3 0
github.com/bvisonl/tunnel-radar/cli.go:147.55,149.3 1 0
github.com/bvisonl/tunnel-radar/config.go:21.36,24.16 2 1
github.com/bvisonl/tunnel-radar/config.go:29.2,33.16 4 1
github.com/bvisonl/tunnel-radar/config.go:39.2,39.43 1 1
github.com/bvisonl/tunnel-radar/config.go:43.2,43.42 1 1
github.com/bvisonl/tunnel-radar/config.go:48.2,48.55 1 1
github.com/bvisonl/tunnel-radar/config.go:24.16,27.3 2 0
github.com/bvisonl/tunnel-radar/config.go:33.16,36.3 2 0
github.com/bvisonl/tunnel-radar/config.go:39.43,41.3 1 0
github.com/bvisonl/tunnel-radar/config.go:43.42,45.3 1 0
github.com/bvisonl/tunnel-radar/config.go:48.55,55.33 3 1
github.com/bvisonl/tunnel-radar/config.go:72.3,76.4 1 1
github.com/bvisonl/tunnel-radar/config.go:55.33,57.4 1 1
github.com/bvisonl/tunnel-radar/config.go:57.9,57.35 1 0
github.com/bvisonl/tunnel-radar/config.go:57.35,59.18 2 0
github.com/bvisonl/tunnel-radar/config.go:62.4,63.18 2 0
github.com/bvisonl/tunnel-radar/config.go:66.4,66.36 1 0
github.com/bvisonl/tunnel-radar/config.go:59.18,61.5 1 0
github.com/bvisonl/tunnel-radar/config.go:63.18,65.5 1 0
github.com/bvisonl/tunnel-radar/config.go:67.9,69.4 1 0
github.com/bvisonl/tunnel-radar/main.go:9.13,24.18 9 0
github.com/bvisonl/tunnel-radar/main.go:24.18,26.3 1 0
github.com/bvisonl/tunnel-radar/main.go:26.8,31.21 2 0
github.com/bvisonl/tunnel-radar/main.go:36.3,36.52 1 0
github.com/bvisonl/tunnel-radar/main.go:41.3,41.83 1 0
github.com/bvisonl/tunnel-radar/main.go:31.21,34.4 2 0
github.com/bvisonl/tunnel-radar/main.go:36.52,38.4 1 0
github.com/bvisonl/tunnel-radar/tunnel.go:28.37,30.28 1 1
github.com/bvisonl/tunnel-radar/tunnel.go:34.2,35.16 2 1
github.com/bvisonl/tunnel-radar/tunnel.go:42.2,44.16 3 1
github.com/bvisonl/tunnel-radar/tunnel.go:49.2,54.31 4 1
github.com/bvisonl/tunnel-radar/tunnel.go:64.2,64.12 1 0
github.com/bvisonl/tunnel-radar/tunnel.go:30.28,32.3 1 0
github.com/bvisonl/tunnel-radar/tunnel.go:35.16,39.3 3 0
github.com/bvisonl/tunnel-radar/tunnel.go:44.16,47.3 2 0
github.com/bvisonl/tunnel-radar/tunnel.go:54.31,57.34 2 2
github.com/bvisonl/tunnel-radar/tunnel.go:62.3,62.32 1 1
github.com/bvisonl/tunnel-radar/tunnel.go:57.34,60.4 2 0
github.com/bvisonl/tunnel-radar/tunnel.go:67.70,69.16 2 1
github.com/bvisonl/tunnel-radar/tunnel.go:75.2,78.12 3 1
github.com/bvisonl/tunnel-radar/tunnel.go:69.16,73.3 3 0
github.com/bvisonl/tunnel-radar/tunnel.go:81.54,83.16 2 2
github.com/bvisonl/tunnel-radar/tunnel.go:83.16,85.3 1 0
github.com/bvisonl/tunnel-radar/tunnel.go:88.32,92.2 3 0
github.com/bvisonl/tunnel-radar/tunnel.go:93.33,96.2 2 0
